[02/22/25 19:47:30] [ERROR] Can't read from Discord websocket gateway: End of file (2)
[02/22/25 19:47:30] [ERROR] Can't write to Discord websocket gateway: The I/O operation has been aborted because of either a thread exit or an application request (995)
[03/01/25 02:35:13] [ERROR] Can't write to Discord websocket gateway: The I/O operation has been aborted because of either a thread exit or an application request (995)
[03/01/25 02:35:14] [ERROR] Error while retrieving HTTP GET response from '/api/oauth2/applications/@me': end of stream
[03/02/25 09:41:28] [ERROR] Can't write to Discord websocket gateway: The I/O operation has been aborted because of either a thread exit or an application request (995)
[03/02/25 09:41:29] [ERROR] Error while retrieving HTTP GET response from '/api/oauth2/applications/@me': end of stream
[03/06/25 09:51:25] [ERROR] Can't read from Discord websocket gateway: End of file (2)
[03/06/25 09:51:25] [ERROR] Can't write to Discord websocket gateway: The I/O operation has been aborted because of either a thread exit or an application request (995)
[03/10/25 12:20:58] [WARNING] Unknown gateway event 'GUILD_MEMBERS_CHUNK'
[03/10/25 12:20:59] [WARNING] Unknown gateway event 'GUILD_MEMBERS_CHUNK'
[03/10/25 12:20:59] [WARNING] Unknown gateway event 'GUILD_MEMBERS_CHUNK'
[03/10/25 12:23:45] [ERROR] can't update guild member presence: user id "1310272416873844901" not cached
[03/10/25 12:23:47] [ERROR] can't update guild member presence: user id "1310272416873844901" not cached
[03/10/25 12:25:45] [ERROR] can't update guild member presence: user id "1310272416873844901" not cached
[03/10/25 12:40:38] [ERROR] can't update guild member presence: user id "1346680799470157909" not cached
[03/10/25 13:26:08] [WARNING] Unknown gateway event 'GUILD_MEMBERS_CHUNK'
[03/10/25 13:26:08] [WARNING] Unknown gateway event 'GUILD_MEMBERS_CHUNK'
[03/10/25 13:26:08] [WARNING] Unknown gateway event 'GUILD_MEMBERS_CHUNK'
[03/10/25 13:26:45] [WARNING] Unknown gateway event 'GUILD_MEMBERS_CHUNK'
[03/10/25 13:26:46] [WARNING] Unknown gateway event 'GUILD_MEMBERS_CHUNK'
[03/10/25 13:26:46] [WARNING] Unknown gateway event 'GUILD_MEMBERS_CHUNK'
[03/10/25 13:29:26] [ERROR] can't update guild member presence: user id "1075567817082015886" not cached
[03/10/25 13:30:04] [ERROR] can't update guild member presence: user id "985904200473014323" not cached
[03/10/25 13:30:05] [ERROR] can't update guild member presence: user id "1075299383920304208" not cached
[03/10/25 14:06:33] [WARNING] Unknown gateway event 'GUILD_MEMBERS_CHUNK'
[03/10/25 14:06:34] [WARNING] Unknown gateway event 'GUILD_MEMBERS_CHUNK'
[03/10/25 14:06:34] [WARNING] Unknown gateway event 'GUILD_MEMBERS_CHUNK'
[03/10/25 14:15:39] [WARNING] Unknown gateway event 'GUILD_MEMBERS_CHUNK'
[03/10/25 14:15:40] [WARNING] Unknown gateway event 'GUILD_MEMBERS_CHUNK'
[03/10/25 14:15:40] [WARNING] Unknown gateway event 'GUILD_MEMBERS_CHUNK'
[03/10/25 14:15:48] [ERROR] can't update guild member presence: user id "1075299383920304208" not cached
[03/10/25 14:18:07] [ERROR] can't update guild member presence: user id "1075299383920304208" not cached
[03/10/25 14:27:43] [WARNING] Unknown gateway event 'GUILD_MEMBERS_CHUNK'
[03/10/25 14:27:43] [WARNING] Unknown gateway event 'GUILD_MEMBERS_CHUNK'
[03/10/25 14:27:44] [WARNING] Unknown gateway event 'GUILD_MEMBERS_CHUNK'
[03/10/25 14:27:50] [ERROR] can't update guild member presence: user id "1314584156403142687" not cached
[03/10/25 14:28:18] [ERROR] can't update guild member presence: user id "1314584156403142687" not cached
[03/10/25 14:29:10] [ERROR] can't update guild member presence: user id "1117772846677114910" not cached
[03/10/25 14:30:43] [ERROR] can't update guild member presence: user id "1075299383920304208" not cached
[03/10/25 14:31:10] [ERROR] can't update guild member presence: user id "1117772846677114910" not cached
[03/10/25 14:31:58] [ERROR] can't update guild member presence: user id "1314584156403142687" not cached
[03/10/25 14:32:00] [ERROR] can't update guild member presence: user id "1314584156403142687" not cached
[03/10/25 14:32:21] [ERROR] can't update guild member presence: user id "1117772846677114910" not cached
[03/10/25 14:46:38] [WARNING] Unknown gateway event 'GUILD_MEMBERS_CHUNK'
[03/10/25 14:46:38] [WARNING] Unknown gateway event 'GUILD_MEMBERS_CHUNK'
[03/10/25 14:46:38] [WARNING] Unknown gateway event 'GUILD_MEMBERS_CHUNK'
[03/10/25 14:51:22] [ERROR] can't update guild member presence: user id "1237412737294794895" not cached
[03/10/25 14:52:08] [ERROR] can't update guild member: user id "1237412737294794895" not cached
[03/10/25 15:13:57] [WARNING] Unknown gateway event 'GUILD_MEMBERS_CHUNK'
[03/10/25 15:13:57] [WARNING] Unknown gateway event 'GUILD_MEMBERS_CHUNK'
[03/10/25 15:13:57] [WARNING] Unknown gateway event 'GUILD_MEMBERS_CHUNK'
[03/10/25 15:15:28] [WARNING] Unknown gateway event 'GUILD_MEMBERS_CHUNK'
[03/10/25 15:15:28] [WARNING] Unknown gateway event 'GUILD_MEMBERS_CHUNK'
[03/10/25 15:15:28] [WARNING] Unknown gateway event 'GUILD_MEMBERS_CHUNK'
[03/10/25 15:48:22] [WARNING] Unknown gateway event 'GUILD_MEMBERS_CHUNK'
[03/10/25 15:48:23] [WARNING] Unknown gateway event 'GUILD_MEMBERS_CHUNK'
[03/10/25 15:48:23] [WARNING] Unknown gateway event 'GUILD_MEMBERS_CHUNK'
[03/10/25 15:49:56] [ERROR] can't update guild member presence: user id "1336323529741701250" not cached
[03/11/25 03:19:25] [WARNING] Unknown gateway event 'GUILD_MEMBERS_CHUNK'
[03/11/25 03:19:25] [WARNING] Unknown gateway event 'GUILD_MEMBERS_CHUNK'
[03/11/25 03:19:25] [WARNING] Unknown gateway event 'GUILD_MEMBERS_CHUNK'
[03/11/25 03:20:07] [WARNING] Unknown gateway event 'GUILD_MEMBERS_CHUNK'
[03/11/25 03:20:07] [WARNING] Unknown gateway event 'GUILD_MEMBERS_CHUNK'
[03/11/25 03:20:07] [WARNING] Unknown gateway event 'GUILD_MEMBERS_CHUNK'
[03/11/25 03:21:02] [WARNING] Unknown gateway event 'GUILD_MEMBERS_CHUNK'
[03/11/25 03:21:02] [WARNING] Unknown gateway event 'GUILD_MEMBERS_CHUNK'
[03/11/25 03:21:02] [WARNING] Unknown gateway event 'GUILD_MEMBERS_CHUNK'
[03/11/25 03:21:23] [ERROR] can't update guild member presence: user id "1173686278378766461" not cached
[03/11/25 03:22:33] [ERROR] can't update guild member presence: user id "1219710512804401225" not cached
[03/11/25 03:24:33] [ERROR] can't update guild member presence: user id "1219710512804401225" not cached
[03/11/25 03:26:33] [ERROR] can't update guild member presence: user id "1173686278378766461" not cached
[03/11/25 03:27:39] [ERROR] can't update guild member presence: user id "1282599362836430871" not cached
[03/11/25 03:28:49] [ERROR] can't update guild member presence: user id "1282599362836430871" not cached
[03/11/25 03:29:28] [ERROR] can't update guild member presence: user id "1173686278378766461" not cached
[03/11/25 03:35:58] [WARNING] Unknown gateway event 'GUILD_MEMBERS_CHUNK'
[03/11/25 03:35:59] [WARNING] Unknown gateway event 'GUILD_MEMBERS_CHUNK'
[03/11/25 03:35:59] [WARNING] Unknown gateway event 'GUILD_MEMBERS_CHUNK'
[03/11/25 03:38:15] [WARNING] Unknown gateway event 'GUILD_MEMBERS_CHUNK'
[03/11/25 03:38:15] [WARNING] Unknown gateway event 'GUILD_MEMBERS_CHUNK'
[03/11/25 03:38:15] [WARNING] Unknown gateway event 'GUILD_MEMBERS_CHUNK'
